2024-01-26 00:35:14.501  INFO 22204 --- [restartedMain] b.c.m.msclientes.MsclientesApplication   : Starting MsclientesApplication using Java 17.0.9 on DESKTOP-JHCN4JF with PID 22204 (C:\Users\mateu\OneDrive\Área de Trabalho\Projetos_Dev\MS Avançado\msclientes\target\classes started by mateu in C:\Users\mateu\OneDrive\Área de Trabalho\Projetos_Dev\MS Avançado\msclientes)
2024-01-26 00:35:14.507  INFO 22204 --- [restartedMain] b.c.m.msclientes.MsclientesApplication   : No active profile set, falling back to 1 default profile: "default"
2024-01-26 00:35:14.548  INFO 22204 --- [restartedMain] .e.DevToolsPropertyDefaultsPostProcessor : Devtools property defaults active! Set 'spring.devtools.add-properties' to 'false' to disable
2024-01-26 00:35:14.549  INFO 22204 --- [restartedMain] .e.DevToolsPropertyDefaultsPostProcessor : For additional web related logging consider setting the 'logging.level.web' property to 'DEBUG'
2024-01-26 00:35:15.673  INFO 22204 --- [restartedMain] .s.d.r.c.RepositoryConfigurationDelegate : Bootstrapping Spring Data JPA repositories in DEFAULT mode.
2024-01-26 00:35:15.934  INFO 22204 --- [restartedMain] .s.d.r.c.RepositoryConfigurationDelegate : Finished Spring Data repository scanning in 250 ms. Found 1 JPA repository interfaces.
2024-01-26 00:35:16.260  INFO 22204 --- [restartedMain] o.s.cloud.context.scope.GenericScope     : BeanFactory id=5a0cba71-f526-33cd-b0e7-edc5bcdb2c3e
2024-01-26 00:35:16.844  INFO 22204 --- [restartedMain] o.s.b.w.embedded.tomcat.TomcatWebServer  : Tomcat initialized with port(s): 0 (http)
2024-01-26 00:35:16.855  INFO 22204 --- [restartedMain] o.apache.catalina.core.StandardService   : Starting service [Tomcat]
2024-01-26 00:35:16.855  INFO 22204 --- [restartedMain] org.apache.catalina.core.StandardEngine  : Starting Servlet engine: [Apache Tomcat/9.0.62]
2024-01-26 00:35:16.960  INFO 22204 --- [restartedMain] o.a.c.c.C.[Tomcat].[localhost].[/]       : Initializing Spring embedded WebApplicationContext
2024-01-26 00:35:16.960  INFO 22204 --- [restartedMain] w.s.c.ServletWebServerApplicationContext : Root WebApplicationContext: initialization completed in 2410 ms
2024-01-26 00:35:17.067  INFO 22204 --- [restartedMain] com.zaxxer.hikari.HikariDataSource       : HikariPool-1 - Starting...
2024-01-26 00:35:17.268  INFO 22204 --- [restartedMain] com.zaxxer.hikari.HikariDataSource       : HikariPool-1 - Start completed.
2024-01-26 00:35:17.277  INFO 22204 --- [restartedMain] o.s.b.a.h2.H2ConsoleAutoConfiguration    : H2 console available at '/h2-console'. Database available at 'jdbc:h2:mem:61200a0c-0f87-4e8e-ba88-6dc4edb2dfbf'
2024-01-26 00:35:17.484  INFO 22204 --- [restartedMain] o.hibernate.jpa.internal.util.LogHelper  : HHH000204: Processing PersistenceUnitInfo [name: default]
2024-01-26 00:35:17.559  INFO 22204 --- [restartedMain] org.hibernate.Version                    : HHH000412: Hibernate ORM core version 5.6.8.Final
2024-01-26 00:35:17.769  INFO 22204 --- [restartedMain] o.hibernate.annotations.common.Version   : HCANN000001: Hibernate Commons Annotations {5.1.2.Final}
2024-01-26 00:35:17.962  INFO 22204 --- [restartedMain] org.hibernate.dialect.Dialect            : HHH000400: Using dialect: org.hibernate.dialect.H2Dialect
2024-01-26 00:35:18.711  INFO 22204 --- [restartedMain] o.h.e.t.j.p.i.JtaPlatformInitiator       : HHH000490: Using JtaPlatform implementation: [org.hibernate.engine.transaction.jta.platform.internal.NoJtaPlatform]
2024-01-26 00:35:18.718  INFO 22204 --- [restartedMain] j.LocalContainerEntityManagerFactoryBean : Initialized JPA EntityManagerFactory for persistence unit 'default'
2024-01-26 00:35:19.029  WARN 22204 --- [restartedMain] ConfigServletWebServerApplicationContext : Exception encountered during context initialization - cancelling refresh attempt: org.springframework.beans.factory.BeanCreationException: Error creating bean with name 'clientesResources': Lookup method resolution failed; nested exception is java.lang.IllegalStateException: Failed to introspect Class [br.com.mateussouza.msclientes.application.ClientesResources] from ClassLoader [org.springframework.boot.devtools.restart.classloader.RestartClassLoader@b53f1ff]
2024-01-26 00:35:19.030  INFO 22204 --- [restartedMain] j.LocalContainerEntityManagerFactoryBean : Closing JPA EntityManagerFactory for persistence unit 'default'
2024-01-26 00:35:19.031  INFO 22204 --- [restartedMain] .SchemaDropperImpl$DelayedDropActionImpl : HHH000477: Starting delayed evictData of schema as part of SessionFactory shut-down'
2024-01-26 00:35:19.244  WARN 22204 --- [restartedMain] o.s.b.f.support.DisposableBeanAdapter    : Invocation of destroy method failed on bean with name 'inMemoryDatabaseShutdownExecutor': org.h2.jdbc.JdbcSQLNonTransientConnectionException: Database is already closed (to disable automatic closing at VM shutdown, add ";DB_CLOSE_ON_EXIT=FALSE" to the db URL) [90121-200]
2024-01-26 00:35:19.245  INFO 22204 --- [restartedMain] com.zaxxer.hikari.HikariDataSource       : HikariPool-1 - Shutdown initiated...
2024-01-26 00:35:19.247  INFO 22204 --- [restartedMain] com.zaxxer.hikari.HikariDataSource       : HikariPool-1 - Shutdown completed.
2024-01-26 00:35:19.251  INFO 22204 --- [restartedMain] o.apache.catalina.core.StandardService   : Stopping service [Tomcat]
2024-01-26 00:35:19.271  INFO 22204 --- [restartedMain] ConditionEvaluationReportLoggingListener : 

Error starting ApplicationContext. To display the conditions report re-run your application with 'debug' enabled.
2024-01-26 00:35:19.295 ERROR 22204 --- [restartedMain] o.s.boot.SpringApplication               : Application run failed

org.springframework.beans.factory.BeanCreationException: Error creating bean with name 'clientesResources': Lookup method resolution failed; nested exception is java.lang.IllegalStateException: Failed to introspect Class [br.com.mateussouza.msclientes.application.ClientesResources] from ClassLoader [org.springframework.boot.devtools.restart.classloader.RestartClassLoader@b53f1ff]
	at org.springframework.beans.factory.annotation.AutowiredAnnotationBeanPostProcessor.determineCandidateConstructors(AutowiredAnnotationBeanPostProcessor.java:289) ~[spring-beans-5.3.19.jar:5.3.19]
	at org.springframework.beans.factory.support.AbstractAutowireCapableBeanFactory.determineConstructorsFromBeanPostProcessors(AbstractAutowireCapableBeanFactory.java:1302) ~[spring-beans-5.3.19.jar:5.3.19]
	at org.springframework.beans.factory.support.AbstractAutowireCapableBeanFactory.createBeanInstance(AbstractAutowireCapableBeanFactory.java:1219) ~[spring-beans-5.3.19.jar:5.3.19]
	at org.springframework.beans.factory.support.AbstractAutowireCapableBeanFactory.doCreateBean(AbstractAutowireCapableBeanFactory.java:582) ~[spring-beans-5.3.19.jar:5.3.19]
	at org.springframework.beans.factory.support.AbstractAutowireCapableBeanFactory.createBean(AbstractAutowireCapableBeanFactory.java:542) ~[spring-beans-5.3.19.jar:5.3.19]
	at org.springframework.beans.factory.support.AbstractBeanFactory.lambda$doGetBean$0(AbstractBeanFactory.java:335) ~[spring-beans-5.3.19.jar:5.3.19]
	at org.springframework.beans.factory.support.DefaultSingletonBeanRegistry.getSingleton(DefaultSingletonBeanRegistry.java:234) ~[spring-beans-5.3.19.jar:5.3.19]
	at org.springframework.beans.factory.support.AbstractBeanFactory.doGetBean(AbstractBeanFactory.java:333) ~[spring-beans-5.3.19.jar:5.3.19]
	at org.springframework.beans.factory.support.AbstractBeanFactory.getBean(AbstractBeanFactory.java:208) ~[spring-beans-5.3.19.jar:5.3.19]
	at org.springframework.beans.factory.support.DefaultListableBeanFactory.preInstantiateSingletons(DefaultListableBeanFactory.java:953) ~[spring-beans-5.3.19.jar:5.3.19]
	at org.springframework.context.support.AbstractApplicationContext.finishBeanFactoryInitialization(AbstractApplicationContext.java:918) ~[spring-context-5.3.19.jar:5.3.19]
	at org.springframework.context.support.AbstractApplicationContext.refresh(AbstractApplicationContext.java:583) ~[spring-context-5.3.19.jar:5.3.19]
	at org.springframework.boot.web.servlet.context.ServletWebServerApplicationContext.refresh(ServletWebServerApplicationContext.java:145) ~[spring-boot-2.6.7.jar:2.6.7]
	at org.springframework.boot.SpringApplication.refresh(SpringApplication.java:740) ~[spring-boot-2.6.7.jar:2.6.7]
	at org.springframework.boot.SpringApplication.refreshContext(SpringApplication.java:415) ~[spring-boot-2.6.7.jar:2.6.7]
	at org.springframework.boot.SpringApplication.run(SpringApplication.java:303) ~[spring-boot-2.6.7.jar:2.6.7]
	at org.springframework.boot.SpringApplication.run(SpringApplication.java:1312) ~[spring-boot-2.6.7.jar:2.6.7]
	at org.springframework.boot.SpringApplication.run(SpringApplication.java:1301) ~[spring-boot-2.6.7.jar:2.6.7]
	at br.com.mateussouza.msclientes.MsclientesApplication.main(MsclientesApplication.java:12) ~[classes/:na]
	at java.base/jdk.internal.reflect.NativeMethodAccessorImpl.invoke0(Native Method) ~[na:na]
	at java.base/jdk.internal.reflect.NativeMethodAccessorImpl.invoke(NativeMethodAccessorImpl.java:77) ~[na:na]
	at java.base/jdk.internal.reflect.DelegatingMethodAccessorImpl.invoke(DelegatingMethodAccessorImpl.java:43) ~[na:na]
	at java.base/java.lang.reflect.Method.invoke(Method.java:568) ~[na:na]
	at org.springframework.boot.devtools.restart.RestartLauncher.run(RestartLauncher.java:49) ~[spring-boot-devtools-2.6.7.jar:2.6.7]
Caused by: java.lang.IllegalStateException: Failed to introspect Class [br.com.mateussouza.msclientes.application.ClientesResources] from ClassLoader [org.springframework.boot.devtools.restart.classloader.RestartClassLoader@b53f1ff]
	at org.springframework.util.ReflectionUtils.getDeclaredMethods(ReflectionUtils.java:485) ~[spring-core-5.3.19.jar:5.3.19]
	at org.springframework.util.ReflectionUtils.doWithLocalMethods(ReflectionUtils.java:321) ~[spring-core-5.3.19.jar:5.3.19]
	at org.springframework.beans.factory.annotation.AutowiredAnnotationBeanPostProcessor.determineCandidateConstructors(AutowiredAnnotationBeanPostProcessor.java:267) ~[spring-beans-5.3.19.jar:5.3.19]
	... 23 common frames omitted
Caused by: java.lang.NoClassDefFoundError: br/com/mateussouza/msclientes/application/representation/ClienteSaveRequestDTO
	at java.base/java.lang.Class.getDeclaredMethods0(Native Method) ~[na:na]
	at java.base/java.lang.Class.privateGetDeclaredMethods(Class.java:3402) ~[na:na]
	at java.base/java.lang.Class.getDeclaredMethods(Class.java:2504) ~[na:na]
	at org.springframework.util.ReflectionUtils.getDeclaredMethods(ReflectionUtils.java:467) ~[spring-core-5.3.19.jar:5.3.19]
	... 25 common frames omitted
Caused by: java.lang.ClassNotFoundException: br.com.mateussouza.msclientes.application.representation.ClienteSaveRequestDTO
	at java.base/jdk.internal.loader.BuiltinClassLoader.loadClass(BuiltinClassLoader.java:641) ~[na:na]
	at java.base/jdk.internal.loader.ClassLoaders$AppClassLoader.loadClass(ClassLoaders.java:188) ~[na:na]
	at java.base/java.lang.ClassLoader.loadClass(ClassLoader.java:520) ~[na:na]
	at java.base/java.lang.Class.forName0(Native Method) ~[na:na]
	at java.base/java.lang.Class.forName(Class.java:467) ~[na:na]
	at org.springframework.boot.devtools.restart.classloader.RestartClassLoader.loadClass(RestartClassLoader.java:145) ~[spring-boot-devtools-2.6.7.jar:2.6.7]
	at java.base/java.lang.ClassLoader.loadClass(ClassLoader.java:520) ~[na:na]
	... 29 common frames omitted

2024-01-26 00:36:18.719  INFO 11124 --- [restartedMain] b.c.m.msclientes.MsclientesApplication   : Starting MsclientesApplication using Java 17.0.9 on DESKTOP-JHCN4JF with PID 11124 (C:\Users\mateu\OneDrive\Área de Trabalho\Projetos_Dev\MS Avançado\msclientes\target\classes started by mateu in C:\Users\mateu\OneDrive\Área de Trabalho\Projetos_Dev\MS Avançado\msclientes)
2024-01-26 00:36:18.720  INFO 11124 --- [restartedMain] b.c.m.msclientes.MsclientesApplication   : No active profile set, falling back to 1 default profile: "default"
2024-01-26 00:36:18.749  INFO 11124 --- [restartedMain] .e.DevToolsPropertyDefaultsPostProcessor : Devtools property defaults active! Set 'spring.devtools.add-properties' to 'false' to disable
2024-01-26 00:36:18.749  INFO 11124 --- [restartedMain] .e.DevToolsPropertyDefaultsPostProcessor : For additional web related logging consider setting the 'logging.level.web' property to 'DEBUG'
2024-01-26 00:36:19.501  INFO 11124 --- [restartedMain] .s.d.r.c.RepositoryConfigurationDelegate : Bootstrapping Spring Data JPA repositories in DEFAULT mode.
2024-01-26 00:36:19.603  INFO 11124 --- [restartedMain] .s.d.r.c.RepositoryConfigurationDelegate : Finished Spring Data repository scanning in 96 ms. Found 1 JPA repository interfaces.
2024-01-26 00:36:19.768  INFO 11124 --- [restartedMain] o.s.cloud.context.scope.GenericScope     : BeanFactory id=5a0cba71-f526-33cd-b0e7-edc5bcdb2c3e
2024-01-26 00:36:20.144  INFO 11124 --- [restartedMain] o.s.b.w.embedded.tomcat.TomcatWebServer  : Tomcat initialized with port(s): 0 (http)
2024-01-26 00:36:20.151  INFO 11124 --- [restartedMain] o.apache.catalina.core.StandardService   : Starting service [Tomcat]
2024-01-26 00:36:20.151  INFO 11124 --- [restartedMain] org.apache.catalina.core.StandardEngine  : Starting Servlet engine: [Apache Tomcat/9.0.62]
2024-01-26 00:36:20.250  INFO 11124 --- [restartedMain] o.a.c.c.C.[Tomcat].[localhost].[/]       : Initializing Spring embedded WebApplicationContext
2024-01-26 00:36:20.251  INFO 11124 --- [restartedMain] w.s.c.ServletWebServerApplicationContext : Root WebApplicationContext: initialization completed in 1501 ms
2024-01-26 00:36:20.318  INFO 11124 --- [restartedMain] com.zaxxer.hikari.HikariDataSource       : HikariPool-1 - Starting...
2024-01-26 00:36:20.443  INFO 11124 --- [restartedMain] com.zaxxer.hikari.HikariDataSource       : HikariPool-1 - Start completed.
2024-01-26 00:36:20.449  INFO 11124 --- [restartedMain] o.s.b.a.h2.H2ConsoleAutoConfiguration    : H2 console available at '/h2-console'. Database available at 'jdbc:h2:mem:9f67f84f-7d12-44d4-b5fd-d48679c9b5b0'
2024-01-26 00:36:20.569  INFO 11124 --- [restartedMain] o.hibernate.jpa.internal.util.LogHelper  : HHH000204: Processing PersistenceUnitInfo [name: default]
2024-01-26 00:36:20.602  INFO 11124 --- [restartedMain] org.hibernate.Version                    : HHH000412: Hibernate ORM core version 5.6.8.Final
2024-01-26 00:36:20.707  INFO 11124 --- [restartedMain] o.hibernate.annotations.common.Version   : HCANN000001: Hibernate Commons Annotations {5.1.2.Final}
2024-01-26 00:36:20.796  INFO 11124 --- [restartedMain] org.hibernate.dialect.Dialect            : HHH000400: Using dialect: org.hibernate.dialect.H2Dialect
2024-01-26 00:36:21.145  INFO 11124 --- [restartedMain] o.h.e.t.j.p.i.JtaPlatformInitiator       : HHH000490: Using JtaPlatform implementation: [org.hibernate.engine.transaction.jta.platform.internal.NoJtaPlatform]
2024-01-26 00:36:21.150  INFO 11124 --- [restartedMain] j.LocalContainerEntityManagerFactoryBean : Initialized JPA EntityManagerFactory for persistence unit 'default'
2024-01-26 00:36:21.425  WARN 11124 --- [restartedMain] JpaBaseConfiguration$JpaWebConfiguration : spring.jpa.open-in-view is enabled by default. Therefore, database queries may be performed during view rendering. Explicitly configure spring.jpa.open-in-view to disable this warning
2024-01-26 00:36:22.121  INFO 11124 --- [restartedMain] o.s.b.d.a.OptionalLiveReloadServer       : LiveReload server is running on port 35729
2024-01-26 00:36:22.150  INFO 11124 --- [restartedMain] DiscoveryClientOptionalArgsConfiguration : Eureka HTTP Client uses RestTemplate.
2024-01-26 00:36:22.191  WARN 11124 --- [restartedMain] iguration$LoadBalancerCaffeineWarnLogger : Spring Cloud LoadBalancer is currently working with the default cache. While this cache implementation is useful for development and tests, it's recommended to use Caffeine cache in production.You can switch to using Caffeine cache, by adding it and org.springframework.cache.caffeine.CaffeineCacheManager to the classpath.
2024-01-26 00:36:22.194  INFO 11124 --- [restartedMain] o.s.b.a.e.web.EndpointLinksResolver      : Exposing 17 endpoint(s) beneath base path '/actuator'
2024-01-26 00:36:22.257  INFO 11124 --- [restartedMain] o.s.b.w.embedded.tomcat.TomcatWebServer  : Tomcat started on port(s): 56256 (http) with context path ''
2024-01-26 00:36:22.258  INFO 11124 --- [restartedMain] .s.c.n.e.s.EurekaAutoServiceRegistration : Updating port to 56256
2024-01-26 00:36:22.261  INFO 11124 --- [restartedMain] o.s.c.n.eureka.InstanceInfoFactory       : Setting initial instance status as: STARTING
2024-01-26 00:36:22.286  INFO 11124 --- [restartedMain] com.netflix.discovery.DiscoveryClient    : Initializing Eureka in region us-east-1
2024-01-26 00:36:22.290  INFO 11124 --- [restartedMain] c.n.d.s.r.aws.ConfigClusterResolver      : Resolving eureka endpoints via configuration
2024-01-26 00:36:22.307  INFO 11124 --- [restartedMain] com.netflix.discovery.DiscoveryClient    : Disable delta property : false
2024-01-26 00:36:22.307  INFO 11124 --- [restartedMain] com.netflix.discovery.DiscoveryClient    : Single vip registry refresh property : null
2024-01-26 00:36:22.307  INFO 11124 --- [restartedMain] com.netflix.discovery.DiscoveryClient    : Force full registry fetch : false
2024-01-26 00:36:22.307  INFO 11124 --- [restartedMain] com.netflix.discovery.DiscoveryClient    : Application is null : false
2024-01-26 00:36:22.308  INFO 11124 --- [restartedMain] com.netflix.discovery.DiscoveryClient    : Registered Applications size is zero : true
2024-01-26 00:36:22.308  INFO 11124 --- [restartedMain] com.netflix.discovery.DiscoveryClient    : Application version is -1: true
2024-01-26 00:36:22.308  INFO 11124 --- [restartedMain] com.netflix.discovery.DiscoveryClient    : Getting all instance registry info from the eureka server
2024-01-26 00:36:22.577  INFO 11124 --- [restartedMain] com.netflix.discovery.DiscoveryClient    : The response status is 200
2024-01-26 00:36:22.579  INFO 11124 --- [restartedMain] com.netflix.discovery.DiscoveryClient    : Starting heartbeat executor: renew interval is: 30
2024-01-26 00:36:22.581  INFO 11124 --- [restartedMain] c.n.discovery.InstanceInfoReplicator     : InstanceInfoReplicator onDemand update allowed rate per min is 4
2024-01-26 00:36:22.584  INFO 11124 --- [restartedMain] com.netflix.discovery.DiscoveryClient    : Discovery Client initialized at timestamp 1706240182583 with initial instances count: 1
2024-01-26 00:36:22.585  INFO 11124 --- [restartedMain] o.s.c.n.e.s.EurekaServiceRegistry        : Registering application MSCLIENTES with eureka with status UP
2024-01-26 00:36:22.585  INFO 11124 --- [restartedMain] com.netflix.discovery.DiscoveryClient    : Saw local status change event StatusChangeEvent [timestamp=1706240182585, current=UP, previous=STARTING]
2024-01-26 00:36:22.586  INFO 11124 --- [DiscoveryClient-InstanceInfoReplicator-0] com.netflix.discovery.DiscoveryClient    : DiscoveryClient_MSCLIENTES/msclientes:767dc5866cd33a3e723f3bb6f3b9e10f: registering service...
2024-01-26 00:36:22.620  INFO 11124 --- [restartedMain] b.c.m.msclientes.MsclientesApplication   : Started MsclientesApplication in 4.264 seconds (JVM running for 4.822)
2024-01-26 00:36:22.671  INFO 11124 --- [DiscoveryClient-InstanceInfoReplicator-0] com.netflix.discovery.DiscoveryClient    : DiscoveryClient_MSCLIENTES/msclientes:767dc5866cd33a3e723f3bb6f3b9e10f - registration status: 204
2024-01-26 00:36:22.947  INFO 11124 --- [RMI TCP Connection(2)-192.168.0.105] o.a.c.c.C.[Tomcat].[localhost].[/]       : Initializing Spring DispatcherServlet 'dispatcherServlet'
2024-01-26 00:36:22.947  INFO 11124 --- [RMI TCP Connection(2)-192.168.0.105] o.s.web.servlet.DispatcherServlet        : Initializing Servlet 'dispatcherServlet'
2024-01-26 00:36:22.950  INFO 11124 --- [RMI TCP Connection(2)-192.168.0.105] o.s.web.servlet.DispatcherServlet        : Completed initialization in 2 ms
2024-01-26 00:38:43.633  INFO 11124 --- [http-nio-auto-1-exec-3] o.springdoc.api.AbstractOpenApiResource  : Init duration for springdoc-openapi is: 86 ms
2024-01-26 00:41:22.314  INFO 11124 --- [AsyncResolver-bootstrap-executor-0] c.n.d.s.r.aws.ConfigClusterResolver      : Resolving eureka endpoints via configuration
2024-01-26 00:43:56.775  INFO 11124 --- [SpringApplicationShutdownHook] o.s.c.n.e.s.EurekaServiceRegistry        : Unregistering application MSCLIENTES with eureka with status DOWN
2024-01-26 00:43:56.776  INFO 11124 --- [SpringApplicationShutdownHook] com.netflix.discovery.DiscoveryClient    : Saw local status change event StatusChangeEvent [timestamp=1706240636776, current=DOWN, previous=UP]
2024-01-26 00:43:56.776  INFO 11124 --- [DiscoveryClient-InstanceInfoReplicator-0] com.netflix.discovery.DiscoveryClient    : DiscoveryClient_MSCLIENTES/msclientes:767dc5866cd33a3e723f3bb6f3b9e10f: registering service...
2024-01-26 00:43:56.790  INFO 11124 --- [SpringApplicationShutdownHook] j.LocalContainerEntityManagerFactoryBean : Closing JPA EntityManagerFactory for persistence unit 'default'
2024-01-26 00:43:56.791  INFO 11124 --- [SpringApplicationShutdownHook] .SchemaDropperImpl$DelayedDropActionImpl : HHH000477: Starting delayed evictData of schema as part of SessionFactory shut-down'
2024-01-26 00:43:56.791  INFO 11124 --- [DiscoveryClient-InstanceInfoReplicator-0] com.netflix.discovery.DiscoveryClient    : DiscoveryClient_MSCLIENTES/msclientes:767dc5866cd33a3e723f3bb6f3b9e10f - registration status: 204
2024-01-26 00:43:57.012  WARN 11124 --- [SpringApplicationShutdownHook] o.s.b.f.support.DisposableBeanAdapter    : Invocation of destroy method failed on bean with name 'inMemoryDatabaseShutdownExecutor': org.h2.jdbc.JdbcSQLNonTransientConnectionException: Database is already closed (to disable automatic closing at VM shutdown, add ";DB_CLOSE_ON_EXIT=FALSE" to the db URL) [90121-200]
2024-01-26 00:43:57.012  INFO 11124 --- [SpringApplicationShutdownHook] com.zaxxer.hikari.HikariDataSource       : HikariPool-1 - Shutdown initiated...
2024-01-26 00:43:57.014  INFO 11124 --- [SpringApplicationShutdownHook] com.zaxxer.hikari.HikariDataSource       : HikariPool-1 - Shutdown completed.
2024-01-26 00:43:57.015  INFO 11124 --- [SpringApplicationShutdownHook] com.netflix.discovery.DiscoveryClient    : Shutting down DiscoveryClient ...
2024-01-26 00:44:00.018  INFO 11124 --- [SpringApplicationShutdownHook] com.netflix.discovery.DiscoveryClient    : Unregistering ...
2024-01-26 00:44:00.037  INFO 11124 --- [SpringApplicationShutdownHook] com.netflix.discovery.DiscoveryClient    : DiscoveryClient_MSCLIENTES/msclientes:767dc5866cd33a3e723f3bb6f3b9e10f - deregister  status: 200
2024-01-26 00:44:00.040  INFO 11124 --- [SpringApplicationShutdownHook] com.netflix.discovery.DiscoveryClient    : Completed shut down of DiscoveryClient
2024-01-26 13:30:08.274  INFO 25060 --- [restartedMain] b.c.m.msclientes.MsclientesApplication   : Starting MsclientesApplication using Java 17.0.9 on DESKTOP-JHCN4JF with PID 25060 (C:\Users\mateu\OneDrive\Área de Trabalho\Projetos_Dev\MS Avançado\msclientes\target\classes started by mateu in C:\Users\mateu\OneDrive\Área de Trabalho\Projetos_Dev\MS Avançado\msclientes)
2024-01-26 13:30:08.276  INFO 25060 --- [restartedMain] b.c.m.msclientes.MsclientesApplication   : No active profile set, falling back to 1 default profile: "default"
2024-01-26 13:30:08.320  INFO 25060 --- [restartedMain] .e.DevToolsPropertyDefaultsPostProcessor : Devtools property defaults active! Set 'spring.devtools.add-properties' to 'false' to disable
2024-01-26 13:30:08.320  INFO 25060 --- [restartedMain] .e.DevToolsPropertyDefaultsPostProcessor : For additional web related logging consider setting the 'logging.level.web' property to 'DEBUG'
2024-01-26 13:30:09.156  INFO 25060 --- [restartedMain] .s.d.r.c.RepositoryConfigurationDelegate : Bootstrapping Spring Data JPA repositories in DEFAULT mode.
2024-01-26 13:30:09.290  INFO 25060 --- [restartedMain] .s.d.r.c.RepositoryConfigurationDelegate : Finished Spring Data repository scanning in 124 ms. Found 1 JPA repository interfaces.
2024-01-26 13:30:09.473  INFO 25060 --- [restartedMain] o.s.cloud.context.scope.GenericScope     : BeanFactory id=5a0cba71-f526-33cd-b0e7-edc5bcdb2c3e
2024-01-26 13:30:09.913  INFO 25060 --- [restartedMain] o.s.b.w.embedded.tomcat.TomcatWebServer  : Tomcat initialized with port(s): 0 (http)
2024-01-26 13:30:09.922  INFO 25060 --- [restartedMain] o.apache.catalina.core.StandardService   : Starting service [Tomcat]
2024-01-26 13:30:09.922  INFO 25060 --- [restartedMain] org.apache.catalina.core.StandardEngine  : Starting Servlet engine: [Apache Tomcat/9.0.62]
2024-01-26 13:30:10.014  INFO 25060 --- [restartedMain] o.a.c.c.C.[Tomcat].[localhost].[/]       : Initializing Spring embedded WebApplicationContext
2024-01-26 13:30:10.015  INFO 25060 --- [restartedMain] w.s.c.ServletWebServerApplicationContext : Root WebApplicationContext: initialization completed in 1694 ms
2024-01-26 13:30:10.100  INFO 25060 --- [restartedMain] com.zaxxer.hikari.HikariDataSource       : HikariPool-1 - Starting...
2024-01-26 13:30:10.261  INFO 25060 --- [restartedMain] com.zaxxer.hikari.HikariDataSource       : HikariPool-1 - Start completed.
2024-01-26 13:30:10.268  INFO 25060 --- [restartedMain] o.s.b.a.h2.H2ConsoleAutoConfiguration    : H2 console available at '/h2-console'. Database available at 'jdbc:h2:mem:7ce29c95-5546-4e97-8a1a-644559f126ce'
2024-01-26 13:30:10.417  INFO 25060 --- [restartedMain] o.hibernate.jpa.internal.util.LogHelper  : HHH000204: Processing PersistenceUnitInfo [name: default]
2024-01-26 13:30:10.463  INFO 25060 --- [restartedMain] org.hibernate.Version                    : HHH000412: Hibernate ORM core version 5.6.8.Final
2024-01-26 13:30:10.616  INFO 25060 --- [restartedMain] o.hibernate.annotations.common.Version   : HCANN000001: Hibernate Commons Annotations {5.1.2.Final}
2024-01-26 13:30:10.747  INFO 25060 --- [restartedMain] org.hibernate.dialect.Dialect            : HHH000400: Using dialect: org.hibernate.dialect.H2Dialect
2024-01-26 13:30:11.267  INFO 25060 --- [restartedMain] o.h.e.t.j.p.i.JtaPlatformInitiator       : HHH000490: Using JtaPlatform implementation: [org.hibernate.engine.transaction.jta.platform.internal.NoJtaPlatform]
2024-01-26 13:30:11.274  INFO 25060 --- [restartedMain] j.LocalContainerEntityManagerFactoryBean : Initialized JPA EntityManagerFactory for persistence unit 'default'
2024-01-26 13:30:11.617  WARN 25060 --- [restartedMain] JpaBaseConfiguration$JpaWebConfiguration : spring.jpa.open-in-view is enabled by default. Therefore, database queries may be performed during view rendering. Explicitly configure spring.jpa.open-in-view to disable this warning
2024-01-26 13:30:12.479  WARN 25060 --- [restartedMain] o.s.b.d.a.OptionalLiveReloadServer       : Unable to start LiveReload server
2024-01-26 13:30:12.515  INFO 25060 --- [restartedMain] DiscoveryClientOptionalArgsConfiguration : Eureka HTTP Client uses RestTemplate.
2024-01-26 13:30:12.574  WARN 25060 --- [restartedMain] iguration$LoadBalancerCaffeineWarnLogger : Spring Cloud LoadBalancer is currently working with the default cache. While this cache implementation is useful for development and tests, it's recommended to use Caffeine cache in production.You can switch to using Caffeine cache, by adding it and org.springframework.cache.caffeine.CaffeineCacheManager to the classpath.
2024-01-26 13:30:12.579  INFO 25060 --- [restartedMain] o.s.b.a.e.web.EndpointLinksResolver      : Exposing 17 endpoint(s) beneath base path '/actuator'
2024-01-26 13:30:12.653  INFO 25060 --- [restartedMain] o.s.b.w.embedded.tomcat.TomcatWebServer  : Tomcat started on port(s): 50763 (http) with context path ''
2024-01-26 13:30:12.654  INFO 25060 --- [restartedMain] .s.c.n.e.s.EurekaAutoServiceRegistration : Updating port to 50763
2024-01-26 13:30:12.658  INFO 25060 --- [restartedMain] o.s.c.n.eureka.InstanceInfoFactory       : Setting initial instance status as: STARTING
2024-01-26 13:30:12.687  INFO 25060 --- [restartedMain] com.netflix.discovery.DiscoveryClient    : Initializing Eureka in region us-east-1
2024-01-26 13:30:12.690  INFO 25060 --- [restartedMain] c.n.d.s.r.aws.ConfigClusterResolver      : Resolving eureka endpoints via configuration
2024-01-26 13:30:12.711  INFO 25060 --- [restartedMain] com.netflix.discovery.DiscoveryClient    : Disable delta property : false
2024-01-26 13:30:12.711  INFO 25060 --- [restartedMain] com.netflix.discovery.DiscoveryClient    : Single vip registry refresh property : null
2024-01-26 13:30:12.711  INFO 25060 --- [restartedMain] com.netflix.discovery.DiscoveryClient    : Force full registry fetch : false
2024-01-26 13:30:12.712  INFO 25060 --- [restartedMain] com.netflix.discovery.DiscoveryClient    : Application is null : false
2024-01-26 13:30:12.712  INFO 25060 --- [restartedMain] com.netflix.discovery.DiscoveryClient    : Registered Applications size is zero : true
2024-01-26 13:30:12.712  INFO 25060 --- [restartedMain] com.netflix.discovery.DiscoveryClient    : Application version is -1: true
2024-01-26 13:30:12.712  INFO 25060 --- [restartedMain] com.netflix.discovery.DiscoveryClient    : Getting all instance registry info from the eureka server
2024-01-26 13:30:13.025  INFO 25060 --- [restartedMain] com.netflix.discovery.DiscoveryClient    : The response status is 200
2024-01-26 13:30:13.027  INFO 25060 --- [restartedMain] com.netflix.discovery.DiscoveryClient    : Starting heartbeat executor: renew interval is: 30
2024-01-26 13:30:13.029  INFO 25060 --- [restartedMain] c.n.discovery.InstanceInfoReplicator     : InstanceInfoReplicator onDemand update allowed rate per min is 4
2024-01-26 13:30:13.034  INFO 25060 --- [restartedMain] com.netflix.discovery.DiscoveryClient    : Discovery Client initialized at timestamp 1706286613034 with initial instances count: 0
2024-01-26 13:30:13.036  INFO 25060 --- [restartedMain] o.s.c.n.e.s.EurekaServiceRegistry        : Registering application MSCLIENTES with eureka with status UP
2024-01-26 13:30:13.037  INFO 25060 --- [restartedMain] com.netflix.discovery.DiscoveryClient    : Saw local status change event StatusChangeEvent [timestamp=1706286613037, current=UP, previous=STARTING]
2024-01-26 13:30:13.038  INFO 25060 --- [DiscoveryClient-InstanceInfoReplicator-0] com.netflix.discovery.DiscoveryClient    : DiscoveryClient_MSCLIENTES/msclientes:87ccdf584ca62df33396d578ed49a2f7: registering service...
2024-01-26 13:30:13.080  INFO 25060 --- [restartedMain] b.c.m.msclientes.MsclientesApplication   : Started MsclientesApplication in 5.222 seconds (JVM running for 5.854)
2024-01-26 13:30:13.134  INFO 25060 --- [DiscoveryClient-InstanceInfoReplicator-0] com.netflix.discovery.DiscoveryClient    : DiscoveryClient_MSCLIENTES/msclientes:87ccdf584ca62df33396d578ed49a2f7 - registration status: 204
2024-01-26 13:30:13.222  INFO 25060 --- [RMI TCP Connection(2)-192.168.0.105] o.a.c.c.C.[Tomcat].[localhost].[/]       : Initializing Spring DispatcherServlet 'dispatcherServlet'
2024-01-26 13:30:13.222  INFO 25060 --- [RMI TCP Connection(2)-192.168.0.105] o.s.web.servlet.DispatcherServlet        : Initializing Servlet 'dispatcherServlet'
2024-01-26 13:30:13.225  INFO 25060 --- [RMI TCP Connection(2)-192.168.0.105] o.s.web.servlet.DispatcherServlet        : Completed initialization in 3 ms
2024-01-26 13:30:43.036  INFO 25060 --- [DiscoveryClient-CacheRefreshExecutor-0] com.netflix.discovery.DiscoveryClient    : Disable delta property : false
2024-01-26 13:30:43.036  INFO 25060 --- [DiscoveryClient-CacheRefreshExecutor-0] com.netflix.discovery.DiscoveryClient    : Single vip registry refresh property : null
2024-01-26 13:30:43.037  INFO 25060 --- [DiscoveryClient-CacheRefreshExecutor-0] com.netflix.discovery.DiscoveryClient    : Force full registry fetch : false
2024-01-26 13:30:43.037  INFO 25060 --- [DiscoveryClient-CacheRefreshExecutor-0] com.netflix.discovery.DiscoveryClient    : Application is null : false
2024-01-26 13:30:43.037  INFO 25060 --- [DiscoveryClient-CacheRefreshExecutor-0] com.netflix.discovery.DiscoveryClient    : Registered Applications size is zero : true
2024-01-26 13:30:43.037  INFO 25060 --- [DiscoveryClient-CacheRefreshExecutor-0] com.netflix.discovery.DiscoveryClient    : Application version is -1: false
2024-01-26 13:30:43.037  INFO 25060 --- [DiscoveryClient-CacheRefreshExecutor-0] com.netflix.discovery.DiscoveryClient    : Getting all instance registry info from the eureka server
2024-01-26 13:30:43.056  INFO 25060 --- [DiscoveryClient-CacheRefreshExecutor-0] com.netflix.discovery.DiscoveryClient    : The response status is 200
2024-01-26 13:32:00.735  INFO 25060 --- [SpringApplicationShutdownHook] o.s.c.n.e.s.EurekaServiceRegistry        : Unregistering application MSCLIENTES with eureka with status DOWN
2024-01-26 13:32:00.735  INFO 25060 --- [SpringApplicationShutdownHook] com.netflix.discovery.DiscoveryClient    : Saw local status change event StatusChangeEvent [timestamp=1706286720735, current=DOWN, previous=UP]
2024-01-26 13:32:00.735  INFO 25060 --- [DiscoveryClient-InstanceInfoReplicator-0] com.netflix.discovery.DiscoveryClient    : DiscoveryClient_MSCLIENTES/msclientes:87ccdf584ca62df33396d578ed49a2f7: registering service...
2024-01-26 13:32:00.751  INFO 25060 --- [SpringApplicationShutdownHook] j.LocalContainerEntityManagerFactoryBean : Closing JPA EntityManagerFactory for persistence unit 'default'
2024-01-26 13:32:00.751  INFO 25060 --- [SpringApplicationShutdownHook] .SchemaDropperImpl$DelayedDropActionImpl : HHH000477: Starting delayed evictData of schema as part of SessionFactory shut-down'
2024-01-26 13:32:00.757  INFO 25060 --- [DiscoveryClient-InstanceInfoReplicator-0] com.netflix.discovery.DiscoveryClient    : DiscoveryClient_MSCLIENTES/msclientes:87ccdf584ca62df33396d578ed49a2f7 - registration status: 204
2024-01-26 13:32:00.974  WARN 25060 --- [SpringApplicationShutdownHook] o.s.b.f.support.DisposableBeanAdapter    : Invocation of destroy method failed on bean with name 'inMemoryDatabaseShutdownExecutor': org.h2.jdbc.JdbcSQLNonTransientConnectionException: Database is already closed (to disable automatic closing at VM shutdown, add ";DB_CLOSE_ON_EXIT=FALSE" to the db URL) [90121-200]
2024-01-26 13:32:00.974  INFO 25060 --- [SpringApplicationShutdownHook] com.zaxxer.hikari.HikariDataSource       : HikariPool-1 - Shutdown initiated...
2024-01-26 13:32:00.976  INFO 25060 --- [SpringApplicationShutdownHook] com.zaxxer.hikari.HikariDataSource       : HikariPool-1 - Shutdown completed.
2024-01-26 13:32:00.977  INFO 25060 --- [SpringApplicationShutdownHook] com.netflix.discovery.DiscoveryClient    : Shutting down DiscoveryClient ...
2024-01-26 13:32:03.988  INFO 25060 --- [SpringApplicationShutdownHook] com.netflix.discovery.DiscoveryClient    : Unregistering ...
2024-01-26 13:32:04.006  INFO 25060 --- [SpringApplicationShutdownHook] com.netflix.discovery.DiscoveryClient    : DiscoveryClient_MSCLIENTES/msclientes:87ccdf584ca62df33396d578ed49a2f7 - deregister  status: 200
2024-01-26 13:32:04.009  INFO 25060 --- [SpringApplicationShutdownHook] com.netflix.discovery.DiscoveryClient    : Completed shut down of DiscoveryClient
